0 info it worked if it ends with ok
1 verbose cli [ '/home/yeehaa/.nvm/v0.10.32/bin/node',
1 verbose cli   '/home/yeehaa/.nvm/v0.10.32/bin/npm',
1 verbose cli   'install',
1 verbose cli   'mocha--save-dev' ]
2 info using npm@1.4.28
3 info using node@v0.10.32
4 warn package.json parser@1.0.0 No description
5 warn package.json parser@1.0.0 No repository field.
6 warn package.json parser@1.0.0 No README data
7 verbose readDependencies using package.json deps
8 verbose cache add [ 'mocha--save-dev', null ]
9 verbose cache add name=undefined spec="mocha--save-dev" args=["mocha--save-dev",null]
10 verbose parsed url { protocol: null,
10 verbose parsed url   slashes: null,
10 verbose parsed url   auth: null,
10 verbose parsed url   host: null,
10 verbose parsed url   port: null,
10 verbose parsed url   hostname: null,
10 verbose parsed url   hash: null,
10 verbose parsed url   search: null,
10 verbose parsed url   query: null,
10 verbose parsed url   pathname: 'mocha--save-dev',
10 verbose parsed url   path: 'mocha--save-dev',
10 verbose parsed url   href: 'mocha--save-dev' }
11 silly lockFile 25388c69-mocha-save-dev mocha--save-dev
12 verbose lock mocha--save-dev /home/yeehaa/.npm/25388c69-mocha-save-dev.lock
13 silly lockFile 25388c69-mocha-save-dev mocha--save-dev
14 silly lockFile 25388c69-mocha-save-dev mocha--save-dev
15 verbose addNamed [ 'mocha--save-dev', '' ]
16 verbose addNamed [ null, '*' ]
17 silly lockFile e2472a88-mocha-save-dev mocha--save-dev@
18 verbose lock mocha--save-dev@ /home/yeehaa/.npm/e2472a88-mocha-save-dev.lock
19 silly addNameRange { name: 'mocha--save-dev', range: '*', hasData: false }
20 verbose request where is /mocha--save-dev
21 verbose request registry https://registry.npmjs.org/
22 verbose request id 94dbbebf5de5da7a
23 verbose url raw /mocha--save-dev
24 verbose url resolving [ 'https://registry.npmjs.org/', './mocha--save-dev' ]
25 verbose url resolved https://registry.npmjs.org/mocha--save-dev
26 verbose request where is https://registry.npmjs.org/mocha--save-dev
27 info trying registry request attempt 1 at 23:24:37
28 http GET https://registry.npmjs.org/mocha--save-dev
29 http 404 https://registry.npmjs.org/mocha--save-dev
30 verbose headers { date: 'Sat, 04 Oct 2014 21:24:36 GMT',
30 verbose headers   server: 'CouchDB/1.5.0 (Erlang OTP/R16B03)',
30 verbose headers   'content-type': 'application/json',
30 verbose headers   'cache-control': 'max-age=0',
30 verbose headers   'content-length': '52',
30 verbose headers   'accept-ranges': 'bytes',
30 verbose headers   via: '1.1 varnish',
30 verbose headers   age: '0',
30 verbose headers   'x-served-by': 'cache-ams4135-AMS',
30 verbose headers   'x-cache': 'MISS',
30 verbose headers   'x-cache-hits': '0',
30 verbose headers   'x-timer': 'S1412457876.777617,VS0,VE92',
30 verbose headers   'keep-alive': 'timeout=10, max=50',
30 verbose headers   connection: 'Keep-Alive' }
31 silly registry.get cb [ 404,
31 silly registry.get   { date: 'Sat, 04 Oct 2014 21:24:36 GMT',
31 silly registry.get     server: 'CouchDB/1.5.0 (Erlang OTP/R16B03)',
31 silly registry.get     'content-type': 'application/json',
31 silly registry.get     'cache-control': 'max-age=0',
31 silly registry.get     'content-length': '52',
31 silly registry.get     'accept-ranges': 'bytes',
31 silly registry.get     via: '1.1 varnish',
31 silly registry.get     age: '0',
31 silly registry.get     'x-served-by': 'cache-ams4135-AMS',
31 silly registry.get     'x-cache': 'MISS',
31 silly registry.get     'x-cache-hits': '0',
31 silly registry.get     'x-timer': 'S1412457876.777617,VS0,VE92',
31 silly registry.get     'keep-alive': 'timeout=10, max=50',
31 silly registry.get     connection: 'Keep-Alive' } ]
32 silly lockFile e2472a88-mocha-save-dev mocha--save-dev@
33 silly lockFile e2472a88-mocha-save-dev mocha--save-dev@
34 error 404 404 Not Found: mocha--save-dev
34 error 404
34 error 404 'mocha--save-dev' is not in the npm registry.
34 error 404 You should bug the author to publish it
34 error 404 It was specified as a dependency of 'parser'
34 error 404
34 error 404 Note that you can also install from a
34 error 404 tarball, folder, or http url, or git url.
35 error System Linux 3.13.0-36-generic
36 error command "/home/yeehaa/.nvm/v0.10.32/bin/node" "/home/yeehaa/.nvm/v0.10.32/bin/npm" "install" "mocha--save-dev"
37 error cwd /home/yeehaa/Documents/cth/interns/parser
38 error node -v v0.10.32
39 error npm -v 1.4.28
40 error code E404
41 verbose exit [ 1, true ]
